<?xml version="1.0" encoding="UTF-8"?>
<!-- Generated by org.testng.reporters.JUnitXMLReporter -->
<testsuite hostname="DESKTOP-U7UCK94" ignored="0" name="Command line test" tests="2" failures="0" timestamp="2021-05-28T21:12:03 PDT" time="0.078" errors="0">
  <testcase name="test1" time="0.015" classname="com.cybertek.tests.day6_testNg_intro_dropdowns.TestNG_Intro"/>
  <testcase name="test2" time="0.0" classname="com.cybertek.tests.day6_testNg_intro_dropdowns.TestNG_Intro"/>
</testsuite> <!-- Command line test -->
